<?xml version="1.0" encoding="UTF-8"?>
<!-- Generated by org.testng.reporters.JUnitReportReporter -->
<testsuite hostname="BISWAJIT2000" failures="0" tests="1" name="NewSelenium.BufferWriterExcelsheet" time="12.395" errors="0" timestamp="2022-08-25T11:10:06 IST" skipped="0">
  <testcase classname="NewSelenium.BufferWriterExcelsheet" name="test01" time="12.395"/>
  <system-out/>
</testsuite> <!-- NewSelenium.BufferWriterExcelsheet -->
